<?xml version="1.0" encoding="UTF-8"?>
<!-- Generated by org.testng.reporters.JUnitReportReporter -->
<testsuite skipped="0" hostname="CO-IT005951" name="com.globant.PomDrpDwnWilAngel.test.DrpDwnTest" tests="1" failures="0" timestamp="17 abr 2021 00:33:05 GMT" time="0.012" errors="0">
  <testcase name="DrpDwnOne" time="0.012" classname="com.globant.PomDrpDwnWilAngel.test.DrpDwnTest"/>
</testsuite> <!-- com.globant.PomDrpDwnWilAngel.test.DrpDwnTest -->
